TN:
SF:src/app.ts
FNF:0
FNH:0
DA:1,1
DA:2,1
DA:3,1
DA:4,1
DA:5,1
DA:6,1
DA:7,1
DA:8,1
DA:9,1
DA:10,1
DA:11,1
DA:12,1
DA:13,1
DA:14,1
LF:14
LH:14
BRF:0
BRH:0
end_of_record
TN:
SF:src/controllers/UserControllerFactory.ts
FN:17,createUserFactory
FN:23,updateUserFactory
FN:29,deleteUserFactory
FN:35,getUserFactory
FN:41,getUsersFactory
FN:47,userAccessFactory
FNF:6
FNH:6
FNDA:8,createUserFactory
FNDA:3,updateUserFactory
FNDA:4,deleteUserFactory
FNDA:2,getUserFactory
FNDA:1,getUsersFactory
FNDA:5,userAccessFactory
DA:1,1
DA:2,1
DA:3,1
DA:4,1
DA:5,1
DA:6,1
DA:7,1
DA:8,1
DA:9,1
DA:10,1
DA:11,1
DA:12,1
DA:13,1
DA:14,1
DA:15,1
DA:16,1
DA:17,1
DA:18,8
DA:19,8
DA:20,8
DA:21,8
DA:22,1
DA:23,1
DA:24,3
DA:25,3
DA:26,3
DA:27,3
DA:28,1
DA:29,1
DA:30,4
DA:31,4
DA:32,4
DA:33,4
DA:34,1
DA:35,1
DA:36,2
DA:37,2
DA:38,2
DA:39,2
DA:40,1
DA:41,1
DA:42,1
DA:43,1
DA:44,1
DA:45,1
DA:46,1
DA:47,1
DA:48,5
DA:49,5
DA:50,5
DA:51,5
DA:52,1
DA:53,1
DA:54,1
DA:55,1
DA:56,1
DA:57,1
DA:58,1
DA:59,1
DA:60,1
LF:60
LH:60
BRDA:17,0,0,8
BRDA:23,1,0,3
BRDA:29,2,0,4
BRDA:35,3,0,2
BRDA:41,4,0,1
BRDA:47,5,0,5
BRF:6
BRH:6
end_of_record
TN:
SF:src/controllers/auth.controller.ts
FN:4,signin
FNF:1
FNH:1
FNDA:2,signin
DA:1,1
DA:2,1
DA:3,1
DA:4,2
DA:5,2
DA:6,2
DA:7,2
DA:8,2
DA:9,2
DA:10,2
LF:10
LH:10
BRDA:4,0,0,2
BRDA:6,1,0,0
BRF:2
BRH:1
end_of_record
TN:
SF:src/controllers/user/CreateUser.controller.ts
FN:5,CreateUserController
FN:7,handle
FNF:2
FNH:2
FNDA:8,CreateUserController
FNDA:8,handle
DA:1,1
DA:2,1
DA:3,1
DA:4,1
DA:5,1
DA:6,1
DA:7,1
DA:8,8
DA:9,8
DA:10,8
DA:11,8
DA:12,8
DA:13,6
DA:14,6
DA:15,2
DA:16,2
DA:17,8
DA:18,1
DA:19,1
DA:20,1
LF:20
LH:20
BRDA:5,0,0,8
BRDA:7,1,0,8
BRDA:8,2,0,0
BRDA:9,3,0,0
BRDA:13,4,0,6
BRDA:14,5,0,2
BRF:6
BRH:4
end_of_record
TN:
SF:src/controllers/user/DeleteUser.controller.ts
FN:5,DeleteUserController
FN:7,handle
FNF:2
FNH:2
FNDA:4,DeleteUserController
FNDA:4,handle
DA:1,1
DA:2,1
DA:3,1
DA:4,1
DA:5,1
DA:6,1
DA:7,1
DA:8,4
DA:9,4
DA:10,4
DA:11,4
DA:12,1
DA:13,4
DA:14,3
DA:15,3
DA:16,4
DA:17,1
DA:18,1
DA:19,1
LF:19
LH:19
BRDA:5,0,0,4
BRDA:7,1,0,4
BRDA:8,2,0,0
BRDA:12,3,0,1
BRDA:13,4,0,3
BRF:5
BRH:4
end_of_record
TN:
SF:src/controllers/user/GetUser.controller.ts
FN:5,GetUserController
FN:7,handle
FNF:2
FNH:2
FNDA:2,GetUserController
FNDA:2,handle
DA:1,1
DA:2,1
DA:3,1
DA:4,1
DA:5,1
DA:6,1
DA:7,1
DA:8,2
DA:9,2
DA:10,2
DA:11,2
DA:12,2
DA:13,0
DA:14,0
DA:15,2
DA:16,1
DA:17,1
DA:18,1
LF:18
LH:16
BRDA:5,0,0,2
BRDA:7,1,0,2
BRDA:8,2,0,0
BRDA:12,3,0,0
BRF:4
BRH:2
end_of_record
TN:
SF:src/controllers/user/GetUsers.controller.ts
FN:5,GetUsersController
FN:7,handle
FNF:2
FNH:2
FNDA:1,GetUsersController
FNDA:1,handle
DA:1,1
DA:2,1
DA:3,1
DA:4,1
DA:5,1
DA:6,1
DA:7,1
DA:8,1
DA:9,1
DA:10,1
DA:11,1
DA:12,1
DA:13,1
LF:13
LH:13
BRDA:5,0,0,1
BRDA:7,1,0,1
BRF:2
BRH:2
end_of_record
TN:
SF:src/controllers/user/UpdateUser.controller.ts
FN:6,UpdateUserController
FN:8,handle
FNF:2
FNH:2
FNDA:3,UpdateUserController
FNDA:3,handle
DA:1,1
DA:2,1
DA:3,1
DA:4,1
DA:5,1
DA:6,1
DA:7,1
DA:8,1
DA:9,3
DA:10,3
DA:11,3
DA:12,3
DA:13,3
DA:14,3
DA:15,3
DA:16,3
DA:17,3
DA:18,1
DA:19,3
DA:20,2
DA:21,2
DA:22,3
DA:23,1
DA:24,1
DA:25,1
LF:25
LH:25
BRDA:6,0,0,3
BRDA:8,1,0,3
BRDA:10,2,0,0
BRDA:11,3,0,2
BRDA:11,4,0,1
BRDA:18,5,0,1
BRDA:19,6,0,2
BRF:7
BRH:6
end_of_record
TN:
SF:src/controllers/user/UserAccess.controller.ts
FN:5,UserAccessController
FN:7,handle
FNF:2
FNH:2
FNDA:5,UserAccessController
FNDA:5,handle
DA:1,1
DA:2,1
DA:3,1
DA:4,1
DA:5,1
DA:6,1
DA:7,1
DA:8,5
DA:9,5
DA:10,5
DA:11,5
DA:12,1
DA:13,1
DA:14,1
DA:15,5
DA:16,4
DA:17,4
DA:18,5
DA:19,1
DA:20,1
DA:21,1
LF:21
LH:21
BRDA:5,0,0,5
BRDA:7,1,0,5
BRDA:8,2,0,0
BRDA:12,3,0,1
BRDA:15,4,0,4
BRF:5
BRH:4
end_of_record
TN:
SF:src/model/User.ts
FN:2,User
FNF:1
FNH:1
FNDA:8,User
DA:1,1
DA:2,1
DA:3,8
DA:4,8
DA:5,8
DA:6,8
DA:7,1
DA:8,1
DA:9,1
DA:10,1
DA:11,1
DA:12,1
LF:12
LH:12
BRDA:2,0,0,8
BRF:1
BRH:1
end_of_record
TN:
SF:src/repositories/in-memory/UsersRepositoryInMemory.ts
FN:8,UsersRepositoryInMemory
FN:20,UsersRepositoryInMemory.generateUserId
FN:25,create
FN:32,update
FN:38,remove
FN:49,exists
FN:55,addView
FN:60,findById
FN:64,findByName
FN:68,getAll
FNF:10
FNH:10
FNDA:20,UsersRepositoryInMemory
FNDA:14,UsersRepositoryInMemory.generateUserId
FNDA:14,create
FNDA:4,update
FNDA:2,remove
FNDA:10,exists
FNDA:4,addView
FNDA:12,findById
FNDA:15,findByName
FNDA:2,getAll
DA:1,1
DA:2,1
DA:3,1
DA:4,1
DA:5,1
DA:6,1
DA:7,1
DA:8,1
DA:9,20
DA:10,20
DA:11,20
DA:12,20
DA:13,20
DA:14,20
DA:15,20
DA:16,20
DA:17,20
DA:18,20
DA:19,1
DA:20,1
DA:21,14
DA:22,14
DA:23,14
DA:24,1
DA:25,1
DA:26,14
DA:27,14
DA:28,14
DA:29,14
DA:30,14
DA:31,1
DA:32,1
DA:33,4
DA:34,4
DA:35,4
DA:36,4
DA:37,1
DA:38,1
DA:39,2
DA:40,4
DA:41,2
DA:42,2
DA:43,2
DA:44,2
DA:45,4
DA:46,0
DA:47,0
DA:48,1
DA:49,1
DA:50,10
DA:51,10
DA:52,8
DA:53,8
DA:54,1
DA:55,1
DA:56,4
DA:57,4
DA:58,4
DA:59,1
DA:60,1
DA:61,12
DA:62,12
DA:63,1
DA:64,1
DA:65,15
DA:66,15
DA:67,1
DA:68,1
DA:69,2
DA:70,2
DA:71,1
DA:72,1
DA:73,1
LF:73
LH:71
BRDA:8,0,0,20
BRDA:20,1,0,14
BRDA:25,2,0,14
BRDA:32,3,0,4
BRDA:38,4,0,2
BRDA:39,5,0,4
BRDA:40,6,0,2
BRDA:46,7,0,0
BRDA:49,8,0,10
BRDA:51,9,0,2
BRDA:52,10,0,8
BRDA:50,11,0,14
BRDA:55,12,0,4
BRDA:60,13,0,12
BRDA:61,14,0,4
BRDA:61,15,0,22
BRDA:64,16,0,15
BRDA:65,17,0,9
BRDA:65,18,0,25
BRDA:68,19,0,2
BRF:20
BRH:19
end_of_record
TN:
SF:src/routes/signin.routes.ts
FNF:0
FNH:0
DA:1,1
DA:2,1
DA:3,1
DA:4,1
DA:5,1
DA:6,1
DA:7,0
DA:8,0
DA:9,0
DA:10,0
DA:11,0
DA:12,1
DA:13,1
LF:13
LH:8
BRF:0
BRH:0
end_of_record
TN:
SF:src/routes/user.routes.ts
FNF:0
FNH:0
DA:1,1
DA:2,1
DA:3,1
DA:4,1
DA:5,1
DA:6,1
DA:7,1
LF:7
LH:7
BRDA:5,0,0,2
BRF:1
BRH:1
end_of_record
TN:
SF:src/routes/users.routes.ts
FNF:0
FNH:0
DA:1,1
DA:2,1
DA:3,1
DA:4,1
DA:5,1
DA:6,1
DA:7,1
DA:8,1
DA:9,1
DA:10,1
DA:11,1
DA:12,1
DA:13,1
DA:14,1
DA:15,4
DA:16,4
DA:17,3
DA:18,3
DA:19,1
DA:20,1
DA:21,5
DA:22,5
DA:23,4
DA:24,4
DA:25,1
DA:26,1
DA:27,1
DA:28,1
DA:29,1
DA:30,1
DA:31,1
DA:32,1
DA:33,1
DA:34,1
DA:35,1
DA:36,1
DA:37,1
DA:38,1
DA:39,1
DA:40,1
LF:40
LH:40
BRDA:14,0,0,4
BRDA:16,1,0,1
BRDA:17,2,0,3
BRDA:20,3,0,5
BRDA:22,4,0,1
BRDA:23,5,0,4
BRDA:26,6,0,8
BRDA:29,7,0,1
BRDA:32,8,0,3
BRDA:35,9,0,4
BRDA:38,10,0,5
BRF:11
BRH:11
end_of_record
TN:
SF:src/services/auth/generateAccessToken.ts
FN:7,generateAccessToken
FN:15,isAuthenticated
FNF:2
FNH:2
FNDA:2,generateAccessToken
FNDA:9,isAuthenticated
DA:1,1
DA:2,1
DA:3,1
DA:4,1
DA:5,1
DA:6,1
DA:7,2
DA:8,2
DA:9,2
DA:10,2
DA:11,2
DA:12,2
DA:13,2
DA:14,1
DA:15,9
DA:16,9
DA:17,9
DA:18,9
DA:19,7
DA:20,7
DA:21,7
DA:22,7
DA:23,7
DA:24,7
DA:25,0
DA:26,0
DA:27,7
DA:28,7
DA:29,7
DA:30,7
DA:31,7
DA:32,7
LF:32
LH:30
BRDA:7,0,0,2
BRDA:15,1,0,9
BRDA:17,2,0,7
BRDA:18,3,0,2
BRDA:19,4,0,7
BRDA:23,5,0,7
BRDA:24,6,0,0
BRF:7
BRH:6
end_of_record
TN:
SF:src/services/user/CreateNewUser.service.ts
FN:5,CreateNewUserService
FN:7,execute
FNF:2
FNH:2
FNDA:11,CreateNewUserService
FNDA:12,execute
DA:1,1
DA:2,1
DA:3,1
DA:4,1
DA:5,1
DA:6,1
DA:7,1
DA:8,12
DA:9,10
DA:10,10
DA:11,10
DA:12,12
DA:13,2
DA:14,2
DA:15,8
DA:16,8
DA:17,8
DA:18,8
DA:19,8
DA:20,1
DA:21,1
DA:22,1
LF:22
LH:22
BRDA:5,0,0,11
BRDA:7,1,0,12
BRDA:8,2,0,2
BRDA:9,3,0,10
BRDA:12,4,0,2
BRDA:15,5,0,8
BRF:6
BRH:6
end_of_record
TN:
SF:src/services/user/DeleteUser.service.ts
FN:4,DeleteUserService
FN:6,execute
FNF:2
FNH:2
FNDA:6,DeleteUserService
FNDA:6,execute
DA:1,1
DA:2,1
DA:3,1
DA:4,1
DA:5,1
DA:6,1
DA:7,6
DA:8,6
DA:9,6
DA:10,2
DA:11,2
DA:12,2
DA:13,1
DA:14,1
DA:15,1
LF:15
LH:15
BRDA:4,0,0,6
BRDA:6,1,0,6
BRDA:9,2,0,5
BRDA:9,3,0,4
BRDA:10,4,0,2
BRF:5
BRH:5
end_of_record
TN:
SF:src/services/user/FindUserById.service.ts
FN:4,FindUserByIdService
FN:6,execute
FNF:2
FNH:2
FNDA:2,FindUserByIdService
FNDA:2,execute
DA:1,1
DA:2,1
DA:3,1
DA:4,1
DA:5,1
DA:6,1
DA:7,2
DA:8,2
DA:9,2
DA:10,2
DA:11,1
DA:12,1
DA:13,1
LF:13
LH:13
BRDA:4,0,0,2
BRDA:6,1,0,2
BRDA:8,2,0,1
BRF:3
BRH:3
end_of_record
TN:
SF:src/services/user/FindUserByName.service.ts
FN:4,FindUserByNameService
FN:6,execute
FNF:2
FNH:2
FNDA:4,FindUserByNameService
FNDA:4,execute
DA:1,1
DA:2,1
DA:3,1
DA:4,1
DA:5,1
DA:6,1
DA:7,4
DA:8,4
DA:9,3
DA:10,3
DA:11,3
DA:12,1
DA:13,1
DA:14,1
LF:14
LH:14
BRDA:4,0,0,4
BRDA:6,1,0,4
BRDA:8,2,0,3
BRDA:8,3,0,1
BRF:4
BRH:4
end_of_record
TN:
SF:src/services/user/GetAllUsers.service.ts
FN:4,GetAllUsersService
FN:6,execute
FNF:2
FNH:2
FNDA:2,GetAllUsersService
FNDA:2,execute
DA:1,1
DA:2,1
DA:3,1
DA:4,1
DA:5,1
DA:6,1
DA:7,2
DA:8,2
DA:9,1
DA:10,1
DA:11,1
LF:11
LH:11
BRDA:4,0,0,2
BRDA:6,1,0,2
BRF:2
BRH:2
end_of_record
TN:
SF:src/services/user/GetUserAcess.service.ts
FN:4,GetUserAcessService
FN:6,execute
FNF:2
FNH:2
FNDA:5,GetUserAcessService
FNDA:5,execute
DA:1,1
DA:2,1
DA:3,1
DA:4,1
DA:5,1
DA:6,1
DA:7,5
DA:8,5
DA:9,5
DA:10,1
DA:11,1
DA:12,1
DA:13,1
DA:14,1
DA:15,1
LF:15
LH:15
BRDA:4,0,0,5
BRDA:6,1,0,5
BRDA:9,2,0,4
BRDA:10,3,0,1
BRF:4
BRH:4
end_of_record
TN:
SF:src/services/user/UpdateUser.service.ts
FN:5,UpdateUserService
FN:7,execute
FNF:2
FNH:2
FNDA:7,UpdateUserService
FNDA:7,execute
DA:1,1
DA:2,1
DA:3,1
DA:4,1
DA:5,1
DA:6,1
DA:7,1
DA:8,7
DA:9,7
DA:10,4
DA:11,4
DA:12,4
DA:13,1
DA:14,1
DA:15,1
LF:15
LH:15
BRDA:5,0,0,7
BRDA:7,1,0,7
BRDA:9,2,0,3
BRDA:10,3,0,4
BRF:4
BRH:4
end_of_record
